<?xml version="1.0" encoding="UTF-8"?>
<!-- Generated by org.testng.reporters.JUnitReportReporter -->
<testsuite hostname="LAPTOP-SK2JEN1C" failures="0" tests="1" name="com.my.testing.MyFirstTestingClass" time="0.006" errors="0" timestamp="2020-10-28T11:53:55 EDT" skipped="0">
  <testcase classname="com.my.testing.MyFirstTestingClass" name="f" time="0.006"/>
  <system-out/>
</testsuite> <!-- com.my.testing.MyFirstTestingClass -->
