<?xml version="1.0" encoding="UTF-8"?>
<!-- Generated by org.testng.reporters.JUnitReportReporter -->
<testsuite hostname="LAPTOP-SK2JEN1C" failures="0" tests="6" name="com.my.testing.TheInternet" time="1.355" errors="0" timestamp="2020-11-08T12:47:51 EST" skipped="0">
  <testcase classname="com.my.testing.TheInternet" name="tc9CanIncrementNumericValue" time="0.259"/>
  <system-out/>
  <testcase classname="com.my.testing.TheInternet" name="canLaunchChromeDriver" time="0.387"/>
  <system-out/>
  <testcase classname="com.my.testing.TheInternet" name="tc4CanSelectDropdownListItem" time="0.237"/>
  <system-out/>
  <testcase classname="com.my.testing.TheInternet" name="tc37CanCheckCheckboxes" time="0.205"/>
  <system-out/>
  <testcase classname="com.my.testing.TheInternet" name="tc7CanTypeTextIntoInput" time="0.173"/>
  <system-out/>
  <testcase classname="com.my.testing.TheInternet" name="canNavigateToIndexPage" time="0.094"/>
  <system-out/>
</testsuite> <!-- com.my.testing.TheInternet -->
