<?xml version="1.0" encoding="UTF-8"?>
<!-- Generated by org.testng.reporters.JUnitReportReporter -->
<testsuite hostname="LAPTOP-SK2JEN1C" failures="0" tests="1" name="com.my.testing.MyFirstSeleniumTest" time="0.737" errors="0" timestamp="2020-11-03T19:43:15 EST" skipped="0">
  <testcase classname="com.my.testing.MyFirstSeleniumTest" name="canLaunchChromeDriver" time="0.737"/>
  <system-out/>
</testsuite> <!-- com.my.testing.MyFirstSeleniumTest -->
