<?xml version="1.0" encoding="UTF-8"?>
<!-- Generated by org.testng.reporters.JUnitReportReporter -->
<testsuite hostname="LAPTOP-SK2JEN1C" failures="0" tests="4" name="com.my.testing.TheInternet" time="1.202" errors="0" timestamp="2020-11-04T11:26:50 EST" skipped="0">
  <testcase classname="com.my.testing.TheInternet" name="tc7CanTypeTextIntoInput" time="0.203"/>
  <system-out/>
  <testcase classname="com.my.testing.TheInternet" name="canNavigateToIndexPage" time="0.136"/>
  <system-out/>
  <testcase classname="com.my.testing.TheInternet" name="canLaunchChromeDriver" time="0.485"/>
  <system-out/>
  <testcase classname="com.my.testing.TheInternet" name="tc4CanSelectDropdownListItem" time="0.378"/>
  <system-out/>
</testsuite> <!-- com.my.testing.TheInternet -->
