<?xml version="1.0" encoding="UTF-8"?>
<!-- Generated by org.testng.reporters.JUnitReportReporter -->
<testsuite hostname="LAPTOP-SK2JEN1C" failures="0" tests="5" name="com.my.testing.TheInternet" time="8.098" errors="0" timestamp="2020-11-07T14:31:06 EST" skipped="0">
  <testcase classname="com.my.testing.TheInternet" name="canNavigateToIndexPage" time="0.172"/>
  <system-out/>
  <testcase classname="com.my.testing.TheInternet" name="tc37CanCheckCheckboxes" time="0.295"/>
  <system-out/>
  <testcase classname="com.my.testing.TheInternet" name="canLaunchChromeDriver" time="7.039"/>
  <system-out/>
  <testcase classname="com.my.testing.TheInternet" name="tc4CanSelectDropdownListItem" time="0.370"/>
  <system-out/>
  <testcase classname="com.my.testing.TheInternet" name="tc7CanTypeTextIntoInput" time="0.222"/>
  <system-out/>
</testsuite> <!-- com.my.testing.TheInternet -->
