<?xml version="1.0" encoding="UTF-8"?>
<!-- Generated by org.testng.reporters.JUnitReportReporter -->
<testsuite hostname="LAPTOP-SK2JEN1C" failures="0" tests="1" name="com.my.testing.TheInternet" time="81.559" errors="0" timestamp="2020-11-05T16:43:05 EST" skipped="0">
  <testcase classname="com.my.testing.TheInternet" name="tc37CanCheckCheckboxes" time="81.559"/>
  <system-out/>
</testsuite> <!-- com.my.testing.TheInternet -->
