<?xml version="1.0" encoding="UTF-8"?>
<!-- Generated by org.testng.reporters.JUnitReportReporter -->
<testsuite hostname="LAPTOP-SK2JEN1C" failures="0" tests="5" name="com.my.testing.TheInternet" time="5.692" errors="0" timestamp="2020-11-05T15:23:00 EST" skipped="0">
  <testcase classname="com.my.testing.TheInternet" name="canLaunchChromeDriver" time="2.929"/>
  <system-out/>
  <testcase classname="com.my.testing.TheInternet" name="tc7CanTypeTextIntoInput" time="0.502"/>
  <system-out/>
  <testcase classname="com.my.testing.TheInternet" name="canNavigateToIndexPage" time="1.673"/>
  <system-out/>
  <testcase classname="com.my.testing.TheInternet" name="tc4CanSelectDropdownListItem" time="0.381"/>
  <system-out/>
  <testcase classname="com.my.testing.TheInternet" name="tc8CanTypeTextIntoInput" time="0.207"/>
  <system-out/>
</testsuite> <!-- com.my.testing.TheInternet -->
