<?xml version="1.0" encoding="UTF-8"?>
<!-- Generated by org.testng.reporters.JUnitReportReporter -->
<testsuite hostname="LAPTOP-SK2JEN1C" failures="0" tests="12" name="theInternet.tests.TheInternet" time="4.266" errors="0" timestamp="2020-11-10T22:52:31 EST" skipped="0">
  <testcase classname="theInternet.tests.TheInternet" name="tc28CanCheckBoxByLabel" time="0.349"/>
  <system-out/>
  <testcase classname="theInternet.tests.TheInternet" name="tc7CanTypeTextIntoInput" time="0.230"/>
  <system-out/>
  <testcase classname="theInternet.tests.TheInternet" name="tc4CanSelectDropdownListItem" time="0.363"/>
  <system-out/>
  <testcase classname="theInternet.tests.TheInternet" name="tc54CanSendValidBasicAuth" time="0.253"/>
  <system-out/>
  <testcase classname="theInternet.tests.TheInternet" name="tc38CanUncheckAllCheckboxes" time="0.272"/>
  <system-out/>
  <testcase classname="theInternet.tests.TheInternet" name="tc52DoesGalleryInconsistentlyAppear" time="0.664"/>
  <system-out/>
  <testcase classname="theInternet.tests.TheInternet" name="tc8CanRedirectWithLink" time="0.328"/>
  <system-out/>
  <testcase classname="theInternet.tests.TheInternet" name="canLaunchChromeDriver" time="0.502"/>
  <system-out/>
  <testcase classname="theInternet.tests.TheInternet" name="tc17CanSendInputToJSPrompt" time="0.492"/>
  <system-out/>
  <testcase classname="theInternet.tests.TheInternet" name="canNavigateToIndexPage" time="0.144"/>
  <system-out/>
  <testcase classname="theInternet.tests.TheInternet" name="tc9CanIncrementNumericValue" time="0.401"/>
  <system-out/>
  <testcase classname="theInternet.tests.TheInternet" name="tc37CanCheckAllCheckboxes" time="0.268"/>
  <system-out/>
</testsuite> <!-- theInternet.tests.TheInternet -->
