<?xml version="1.0" encoding="UTF-8"?>
<!-- Generated by org.testng.reporters.JUnitReportReporter -->
<testsuite hostname="LAPTOP-SK2JEN1C" failures="0" tests="1" name="theInternet.tests.TheInternet" time="1.190" errors="0" timestamp="2020-11-09T14:18:02 EST" skipped="0">
  <testcase classname="theInternet.tests.TheInternet" name="tc17CanSendInputToJSPrompt" time="1.190"/>
  <system-out/>
</testsuite> <!-- theInternet.tests.TheInternet -->
