<?xml version="1.0" encoding="UTF-8"?>
<!-- Generated by org.testng.reporters.JUnitReportReporter -->
<testsuite hostname="LAPTOP-SK2JEN1C" failures="0" tests="1" name="demoQA.tests.DemoQA" time="0.011" errors="0" timestamp="2020-11-24T17:54:39 EST" skipped="0">
  <testcase classname="demoQA.tests.DemoQA" name="getDataFromCSV" time="0.011"/>
  <system-out/>
</testsuite> <!-- demoQA.tests.DemoQA -->
