<?xml version="1.0" encoding="UTF-8"?>
<!-- Generated by org.testng.reporters.JUnitReportReporter -->
<testsuite hostname="LAPTOP-SK2JEN1C" failures="0" tests="1" name="theInternet.tests.TheInternet" time="2.608" errors="0" timestamp="2020-11-11T14:40:05 EST" skipped="0">
  <testcase classname="theInternet.tests.TheInternet" name="tc64CanOpenNewValidWindowWithLink" time="2.608"/>
  <system-out/>
</testsuite> <!-- theInternet.tests.TheInternet -->
