<?xml version="1.0" encoding="UTF-8"?>
<!-- Generated by org.testng.reporters.JUnitReportReporter -->
<testsuite hostname="LAPTOP-SK2JEN1C" failures="0" tests="6" name="theInternet.tests.TheInternet" time="1.338" errors="0" timestamp="2020-11-08T12:19:41 EST" skipped="0">
  <testcase classname="theInternet.tests.TheInternet" name="tc7CanTypeTextIntoInput" time="0.150"/>
  <system-out/>
  <testcase classname="theInternet.tests.TheInternet" name="canLaunchChromeDriver" time="0.382"/>
  <system-out/>
  <testcase classname="theInternet.tests.TheInternet" name="tc4CanSelectDropdownListItem" time="0.253"/>
  <system-out/>
  <testcase classname="theInternet.tests.TheInternet" name="tc9CanIncrementNumericValue" time="0.265"/>
  <system-out/>
  <testcase classname="theInternet.tests.TheInternet" name="tc37CanCheckCheckboxes" time="0.201"/>
  <system-out/>
  <testcase classname="theInternet.tests.TheInternet" name="canNavigateToIndexPage" time="0.087"/>
  <system-out/>
</testsuite> <!-- theInternet.tests.TheInternet -->
