<?xml version="1.0" encoding="UTF-8"?>
<!-- Generated by org.testng.reporters.JUnitReportReporter -->
<testsuite hostname="LAPTOP-SK2JEN1C" failures="0" tests="1" name="theInternet.tests.TheInternet" time="1.061" errors="0" timestamp="2020-11-17T14:16:45 EST" skipped="0">
  <testcase classname="theInternet.tests.TheInternet" name="tc75CanUploadFile" time="1.061"/>
  <system-out/>
</testsuite> <!-- theInternet.tests.TheInternet -->
