<?xml version="1.0" encoding="UTF-8"?>
<!-- Generated by org.testng.reporters.JUnitReportReporter -->
<testsuite hostname="LAPTOP-SK2JEN1C" failures="0" tests="1" name="regres.tests.Regres" time="1.733" errors="0" timestamp="2020-11-14T18:02:54 EST" skipped="0">
  <testcase classname="regres.tests.Regres" name="seventhTest" time="1.733"/>
  <system-out/>
</testsuite> <!-- regres.tests.Regres -->
