<?xml version="1.0" encoding="UTF-8"?>
<!-- Generated by org.testng.reporters.JUnitReportReporter -->
<testsuite hostname="LAPTOP-SK2JEN1C" failures="0" tests="6" name="theInternet.tests.TheInternet" time="1.472" errors="0" timestamp="2020-11-08T15:59:57 EST" skipped="0">
  <testcase classname="theInternet.tests.TheInternet" name="tc7CanTypeTextIntoInput" time="0.154"/>
  <system-out/>
  <testcase classname="theInternet.tests.TheInternet" name="tc37CanCheckCheckboxes" time="0.218"/>
  <system-out/>
  <testcase classname="theInternet.tests.TheInternet" name="tc4CanSelectDropdownListItem" time="0.292"/>
  <system-out/>
  <testcase classname="theInternet.tests.TheInternet" name="tc9CanIncrementNumericValue" time="0.272"/>
  <system-out/>
  <testcase classname="theInternet.tests.TheInternet" name="canLaunchChromeDriver" time="0.421"/>
  <system-out/>
  <testcase classname="theInternet.tests.TheInternet" name="canNavigateToIndexPage" time="0.115"/>
  <system-out/>
</testsuite> <!-- theInternet.tests.TheInternet -->
