<?xml version="1.0" encoding="UTF-8"?>
<!-- Generated by org.testng.reporters.JUnitReportReporter -->
<testsuite hostname="LAPTOP-SK2JEN1C" failures="0" tests="6" name="regres.tests.Regres" time="4.155" errors="0" timestamp="2020-11-13T16:28:56 EST" skipped="0">
  <testcase classname="regres.tests.Regres" name="thirdTest" time="0.249"/>
  <system-out/>
  <testcase classname="regres.tests.Regres" name="sixthTest" time="0.172"/>
  <system-out/>
  <testcase classname="regres.tests.Regres" name="fifthTest" time="2.624"/>
  <system-out/>
  <testcase classname="regres.tests.Regres" name="firstTest" time="0.167"/>
  <system-out/>
  <testcase classname="regres.tests.Regres" name="secondTest" time="0.285"/>
  <system-out/>
  <testcase classname="regres.tests.Regres" name="fourthTest" time="0.658"/>
  <system-out/>
</testsuite> <!-- regres.tests.Regres -->
