<?xml version="1.0" encoding="UTF-8"?>
<!-- Generated by org.testng.reporters.JUnitReportReporter -->
<testsuite hostname="LAPTOP-SK2JEN1C" failures="0" tests="1" name="theInternet.tests.TheInternet" time="0.197" errors="0" timestamp="2020-11-20T15:30:32 EST" skipped="0">
  <testcase classname="theInternet.tests.TheInternet" name="tc18CanDownloadFile" time="0.197"/>
  <system-out/>
</testsuite> <!-- theInternet.tests.TheInternet -->
