<?xml version="1.0" encoding="UTF-8"?>
<!-- Generated by org.testng.reporters.JUnitReportReporter -->
<testsuite hostname="LAPTOP-SK2JEN1C" failures="1" tests="34" name="theInternet.tests.TheInternet" time="89.485" errors="0" timestamp="2020-11-24T15:55:23 EST" skipped="0">
  <testcase classname="theInternet.tests.TheInternet" name="tc12CanDeleteButtonDelete" time="0.360"/>
  <system-out/>
  <testcase classname="theInternet.tests.TheInternet" name="tc39CanChangeSliderValueWithKeys" time="0.556"/>
  <system-out/>
  <testcase classname="theInternet.tests.TheInternet" name="tc43ShadowDOM" time="0.185"/>
  <system-out/>
  <testcase classname="theInternet.tests.TheInternet" name="tc64CanOpenNewValidWindowWithLink" time="2.297"/>
  <system-out/>
  <testcase classname="theInternet.tests.TheInternet" name="tc5CanScrollFor30Seconds" time="24.044">
    <failure message="expected [false] but found [true]" type="java.lang.AssertionError">
      <![CDATA[java.lang.AssertionError: expected [false] but found [true]
at org.testng.Assert.fail(Assert.java:99)
at org.testng.Assert.failNotEquals(Assert.java:1037)
at org.testng.Assert.assertEqualsImpl(Assert.java:140)
at org.testng.Assert.assertEquals(Assert.java:122)
at org.testng.Assert.assertEquals(Assert.java:819)
at org.testng.Assert.assertEquals(Assert.java:829)
at theInternet.tests.TheInternet.tc5CanScrollFor30Seconds(TheInternet.java:384)
at java.base/jdk.internal.reflect.NativeMethodAccessorImpl.invoke0(Native Method)
at java.base/jdk.internal.reflect.NativeMethodAccessorImpl.invoke(NativeMethodAccessorImpl.java:62)
at java.base/jdk.internal.reflect.DelegatingMethodAccessorImpl.invoke(DelegatingMethodAccessorImpl.java:43)
at java.base/java.lang.reflect.Method.invoke(Method.java:564)
at org.testng.internal.MethodInvocationHelper.invokeMethod(MethodInvocationHelper.java:132)
at org.testng.internal.TestInvoker.invokeMethod(TestInvoker.java:599)
at org.testng.internal.TestInvoker.invokeTestMethod(TestInvoker.java:174)
at org.testng.internal.MethodRunner.runInSequence(MethodRunner.java:46)
at org.testng.internal.TestInvoker$MethodInvocationAgent.invoke(TestInvoker.java:822)
at org.testng.internal.TestInvoker.invokeTestMethods(TestInvoker.java:147)
at org.testng.internal.TestMethodWorker.invokeTestMethods(TestMethodWorker.java:146)
at org.testng.internal.TestMethodWorker.run(TestMethodWorker.java:128)
at java.base/java.util.ArrayList.forEach(ArrayList.java:1510)
at org.testng.TestRunner.privateRun(TestRunner.java:764)
at org.testng.TestRunner.run(TestRunner.java:585)
at org.testng.SuiteRunner.runTest(SuiteRunner.java:384)
at org.testng.SuiteRunner.runSequentially(SuiteRunner.java:378)
at org.testng.SuiteRunner.privateRun(SuiteRunner.java:337)
at org.testng.SuiteRunner.run(SuiteRunner.java:286)
at org.testng.SuiteRunnerWorker.runSuite(SuiteRunnerWorker.java:53)
at org.testng.SuiteRunnerWorker.run(SuiteRunnerWorker.java:96)
at org.testng.TestNG.runSuitesSequentially(TestNG.java:1218)
at org.testng.TestNG.runSuitesLocally(TestNG.java:1140)
at org.testng.TestNG.runSuites(TestNG.java:1069)
at org.testng.TestNG.run(TestNG.java:1037)
at org.testng.remote.AbstractRemoteTestNG.run(AbstractRemoteTestNG.java:115)
at org.testng.remote.RemoteTestNG.initAndRun(RemoteTestNG.java:251)
at org.testng.remote.RemoteTestNG.main(RemoteTestNG.java:77)
]]>
    </failure>
  </testcase> <!-- tc5CanScrollFor30Seconds -->
  <system-out/>
  <testcase classname="theInternet.tests.TheInternet" name="tc6IsSevereErrorPresent" time="0.120"/>
  <system-out/>
  <testcase classname="theInternet.tests.TheInternet" name="tc9CanIncrementNumericValue" time="0.342"/>
  <system-out/>
  <testcase classname="theInternet.tests.TheInternet" name="tc75CanSetWYSIWYGEditorText" time="0.350"/>
  <system-out/>
  <testcase classname="theInternet.tests.TheInternet" name="tc61CanDragDropSwitchHeaders" time="0.224"/>
  <system-out/>
  <testcase classname="theInternet.tests.TheInternet" name="tc3CanGetFrameText" time="0.285"/>
  <system-out/>
  <testcase classname="theInternet.tests.TheInternet" name="tc76DoesPageLoadWithin35Seconds" time="30.340"/>
  <system-out/>
  <testcase classname="theInternet.tests.TheInternet" name="tc28SortableTable" time="0.448"/>
  <system-out/>
  <testcase classname="theInternet.tests.TheInternet" name="tc18CanDownloadFile" time="0.163"/>
  <system-out/>
  <testcase classname="theInternet.tests.TheInternet" name="canNavigateToIndexPage" time="0.129"/>
  <system-out/>
  <testcase classname="theInternet.tests.TheInternet" name="canLaunchChromeDriver" time="0.399"/>
  <system-out/>
  <testcase classname="theInternet.tests.TheInternet" name="tc51ValidateCSVMenuItemPath" time="0.747"/>
  <system-out/>
  <testcase classname="theInternet.tests.TheInternet" name="tc22AllHoverablesDisplayValidCaptions" time="0.704"/>
  <system-out/>
  <testcase classname="theInternet.tests.TheInternet" name="tc28CanCheckBoxByLabel" time="0.288"/>
  <system-out/>
  <testcase classname="theInternet.tests.TheInternet" name="tc4CanSelectDropdownListItem" time="0.306"/>
  <system-out/>
  <testcase classname="theInternet.tests.TheInternet" name="tc50CanValidUserValidPassword" time="0.544"/>
  <system-out/>
  <testcase classname="theInternet.tests.TheInternet" name="tc67CatchesExitIntent" time="10.483"/>
  <system-out/>
  <testcase classname="theInternet.tests.TheInternet" name="tc38CanUncheckAllCheckboxes" time="0.236"/>
  <system-out/>
  <testcase classname="theInternet.tests.TheInternet" name="tc42DynamicLoading" time="5.597"/>
  <system-out/>
  <testcase classname="theInternet.tests.TheInternet" name="tc22DoesContextMenuBoxWork" time="0.278"/>
  <system-out/>
  <testcase classname="theInternet.tests.TheInternet" name="tc103CanDetectAlphabet" time="1.621"/>
  <system-out/>
  <testcase classname="theInternet.tests.TheInternet" name="tc54CanSendValidBasicAuth" time="0.213"/>
  <system-out/>
  <testcase classname="theInternet.tests.TheInternet" name="tc7CanTypeTextIntoInput" time="0.249"/>
  <system-out/>
  <testcase classname="theInternet.tests.TheInternet" name="tc13CanCloseAd" time="0.809"/>
  <system-out/>
  <testcase classname="theInternet.tests.TheInternet" name="tc75CanUploadFile" time="0.452"/>
  <system-out/>
  <testcase classname="theInternet.tests.TheInternet" name="tc37CanCheckAllCheckboxes" time="0.253"/>
  <system-out/>
  <testcase classname="theInternet.tests.TheInternet" name="tc52DoesGalleryInconsistentlyAppear" time="0.792"/>
  <system-out/>
  <testcase classname="theInternet.tests.TheInternet" name="tc8CanRedirectWithLink" time="0.289"/>
  <system-out/>
  <testcase classname="theInternet.tests.TheInternet" name="tc17CanSendInputToJSPrompt" time="0.313"/>
  <system-out/>
  <testcase classname="theInternet.tests.TheInternet" name="tc114ChallengingDOM" time="5.069"/>
  <system-out/>
</testsuite> <!-- theInternet.tests.TheInternet -->
