<?xml version="1.0" encoding="UTF-8"?>
<!-- Generated by org.testng.reporters.JUnitReportReporter -->
<testsuite hostname="LAPTOP-SK2JEN1C" failures="0" tests="9" name="theInternet.tests.TheInternet" time="2.937" errors="0" timestamp="2020-11-10T15:40:15 EST" skipped="0">
  <testcase classname="theInternet.tests.TheInternet" name="canNavigateToIndexPage" time="0.139"/>
  <system-out/>
  <testcase classname="theInternet.tests.TheInternet" name="tc9CanIncrementNumericValue" time="0.748"/>
  <system-out/>
  <testcase classname="theInternet.tests.TheInternet" name="tc17CanSendInputToJSPrompt" time="0.327"/>
  <system-out/>
  <testcase classname="theInternet.tests.TheInternet" name="tc37CanCheckAllCheckboxes" time="0.215"/>
  <system-out/>
  <testcase classname="theInternet.tests.TheInternet" name="tc4CanSelectDropdownListItem" time="0.365"/>
  <system-out/>
  <testcase classname="theInternet.tests.TheInternet" name="tc28CanCheckBoxByLabel" time="0.299"/>
  <system-out/>
  <testcase classname="theInternet.tests.TheInternet" name="tc54CanSendValidBasicAuth" time="0.206"/>
  <system-out/>
  <testcase classname="theInternet.tests.TheInternet" name="tc7CanTypeTextIntoInput" time="0.209"/>
  <system-out/>
  <testcase classname="theInternet.tests.TheInternet" name="canLaunchChromeDriver" time="0.429"/>
  <system-out/>
</testsuite> <!-- theInternet.tests.TheInternet -->
