<?xml version="1.0" encoding="UTF-8"?>
<!-- Generated by org.testng.reporters.JUnitReportReporter -->
<testsuite hostname="LAPTOP-SK2JEN1C" failures="0" tests="20" name="theInternet.tests.TheInternet" time="8.183" errors="0" timestamp="2020-11-12T20:37:03 EST" skipped="0">
  <testcase classname="theInternet.tests.TheInternet" name="tc103CanDetectAlphabet" time="1.102"/>
  <system-out/>
  <testcase classname="theInternet.tests.TheInternet" name="tc28CanCheckBoxByLabel" time="0.203"/>
  <system-out/>
  <testcase classname="theInternet.tests.TheInternet" name="canLaunchChromeDriver" time="0.388"/>
  <system-out/>
  <testcase classname="theInternet.tests.TheInternet" name="tc22DoesContextMenuBoxWork" time="0.213"/>
  <system-out/>
  <testcase classname="theInternet.tests.TheInternet" name="tc37CanCheckAllCheckboxes" time="0.170"/>
  <system-out/>
  <testcase classname="theInternet.tests.TheInternet" name="tc8CanRedirectWithLink" time="0.248"/>
  <system-out/>
  <testcase classname="theInternet.tests.TheInternet" name="tc22AllHoverablesDisplayValidCaptions" time="0.536"/>
  <system-out/>
  <testcase classname="theInternet.tests.TheInternet" name="canNavigateToIndexPage" time="0.104"/>
  <system-out/>
  <testcase classname="theInternet.tests.TheInternet" name="tc54CanSendValidBasicAuth" time="0.145"/>
  <system-out/>
  <testcase classname="theInternet.tests.TheInternet" name="tc6IsSevereErrorPresent" time="0.067"/>
  <system-out/>
  <testcase classname="theInternet.tests.TheInternet" name="tc50CanValidUserValidPassword" time="0.464"/>
  <system-out/>
  <testcase classname="theInternet.tests.TheInternet" name="tc51ValidateCSVMenuItemPath" time="0.662"/>
  <system-out/>
  <testcase classname="theInternet.tests.TheInternet" name="tc7CanTypeTextIntoInput" time="0.144"/>
  <system-out/>
  <testcase classname="theInternet.tests.TheInternet" name="tc4CanSelectDropdownListItem" time="0.217"/>
  <system-out/>
  <testcase classname="theInternet.tests.TheInternet" name="tc9CanIncrementNumericValue" time="0.268"/>
  <system-out/>
  <testcase classname="theInternet.tests.TheInternet" name="tc12CanDeleteButtonDelete" time="0.292"/>
  <system-out/>
  <testcase classname="theInternet.tests.TheInternet" name="tc38CanUncheckAllCheckboxes" time="0.162"/>
  <system-out/>
  <testcase classname="theInternet.tests.TheInternet" name="tc17CanSendInputToJSPrompt" time="0.215"/>
  <system-out/>
  <testcase classname="theInternet.tests.TheInternet" name="tc52DoesGalleryInconsistentlyAppear" time="0.371"/>
  <system-out/>
  <testcase classname="theInternet.tests.TheInternet" name="tc64CanOpenNewValidWindowWithLink" time="2.212"/>
  <system-out/>
</testsuite> <!-- theInternet.tests.TheInternet -->
