<?xml version="1.0" encoding="UTF-8"?>
<!-- Generated by org.testng.reporters.JUnitReportReporter -->
<testsuite hostname="LAPTOP-SK2JEN1C" failures="0" tests="1" name="framework.QuickResourceTest" time="4.418" errors="0" timestamp="2020-11-08T12:07:19 EST" skipped="0">
  <testcase classname="framework.QuickResourceTest" name="f" time="4.418"/>
  <system-out/>
</testsuite> <!-- framework.QuickResourceTest -->
