<?xml version="1.0" encoding="UTF-8"?>
<!-- Generated by org.testng.reporters.JUnitReportReporter -->
<testsuite hostname="LAPTOP-SK2JEN1C" failures="0" tests="1" name="regres.tests.Regres" time="1.981" errors="0" timestamp="2020-11-13T14:55:05 EST" skipped="0">
  <testcase classname="regres.tests.Regres" name="secondTest" time="1.981"/>
  <system-out/>
</testsuite> <!-- regres.tests.Regres -->
