<?xml version="1.0" encoding="UTF-8"?>
<!-- Generated by org.testng.reporters.JUnitReportReporter -->
<testsuite hostname="LAPTOP-SK2JEN1C" failures="1" tests="34" name="theInternet.tests.TheInternet" time="90.784" errors="0" timestamp="2020-11-21T18:01:33 EST" skipped="0">
  <testcase classname="theInternet.tests.TheInternet" name="tc6IsSevereErrorPresent" time="0.113"/>
  <system-out/>
  <testcase classname="theInternet.tests.TheInternet" name="tc13CanCloseAd" time="0.808"/>
  <system-out/>
  <testcase classname="theInternet.tests.TheInternet" name="tc22DoesContextMenuBoxWork" time="0.290"/>
  <system-out/>
  <testcase classname="theInternet.tests.TheInternet" name="canLaunchChromeDriver" time="0.388"/>
  <system-out/>
  <testcase classname="theInternet.tests.TheInternet" name="tc28CanCheckBoxByLabel" time="0.281"/>
  <system-out/>
  <testcase classname="theInternet.tests.TheInternet" name="tc51ValidateCSVMenuItemPath" time="0.805"/>
  <system-out/>
  <testcase classname="theInternet.tests.TheInternet" name="tc64CanOpenNewValidWindowWithLink" time="2.276"/>
  <system-out/>
  <testcase classname="theInternet.tests.TheInternet" name="tc75CanUploadFile" time="0.448"/>
  <system-out/>
  <testcase classname="theInternet.tests.TheInternet" name="tc39CanChangeSliderValueWithKeys" time="0.564"/>
  <system-out/>
  <testcase classname="theInternet.tests.TheInternet" name="tc4CanSelectDropdownListItem" time="0.307"/>
  <system-out/>
  <testcase classname="theInternet.tests.TheInternet" name="tc7CanTypeTextIntoInput" time="0.250"/>
  <system-out/>
  <testcase classname="theInternet.tests.TheInternet" name="canNavigateToIndexPage" time="0.138"/>
  <system-out/>
  <testcase classname="theInternet.tests.TheInternet" name="tc103CanDetectAlphabet" time="1.598"/>
  <system-out/>
  <testcase classname="theInternet.tests.TheInternet" name="tc18CanDownloadFile" time="0.160">
    <failure message="null" type="java.lang.AssertionError">
      <![CDATA[java.lang.AssertionError: null
at org.testng.Assert.fail(Assert.java:99)
at org.testng.Assert.fail(Assert.java:106)
at theInternet.tests.TheInternet.tc18CanDownloadFile(TheInternet.java:509)
at java.base/jdk.internal.reflect.NativeMethodAccessorImpl.invoke0(Native Method)
at java.base/jdk.internal.reflect.NativeMethodAccessorImpl.invoke(NativeMethodAccessorImpl.java:62)
at java.base/jdk.internal.reflect.DelegatingMethodAccessorImpl.invoke(DelegatingMethodAccessorImpl.java:43)
at java.base/java.lang.reflect.Method.invoke(Method.java:564)
at org.testng.internal.MethodInvocationHelper.invokeMethod(MethodInvocationHelper.java:132)
at org.testng.internal.TestInvoker.invokeMethod(TestInvoker.java:599)
at org.testng.internal.TestInvoker.invokeTestMethod(TestInvoker.java:174)
at org.testng.internal.MethodRunner.runInSequence(MethodRunner.java:46)
at org.testng.internal.TestInvoker$MethodInvocationAgent.invoke(TestInvoker.java:822)
at org.testng.internal.TestInvoker.invokeTestMethods(TestInvoker.java:147)
at org.testng.internal.TestMethodWorker.invokeTestMethods(TestMethodWorker.java:146)
at org.testng.internal.TestMethodWorker.run(TestMethodWorker.java:128)
at java.base/java.util.ArrayList.forEach(ArrayList.java:1510)
at org.testng.TestRunner.privateRun(TestRunner.java:764)
at org.testng.TestRunner.run(TestRunner.java:585)
at org.testng.SuiteRunner.runTest(SuiteRunner.java:384)
at org.testng.SuiteRunner.runSequentially(SuiteRunner.java:378)
at org.testng.SuiteRunner.privateRun(SuiteRunner.java:337)
at org.testng.SuiteRunner.run(SuiteRunner.java:286)
at org.testng.SuiteRunnerWorker.runSuite(SuiteRunnerWorker.java:53)
at org.testng.SuiteRunnerWorker.run(SuiteRunnerWorker.java:96)
at org.testng.TestNG.runSuitesSequentially(TestNG.java:1218)
at org.testng.TestNG.runSuitesLocally(TestNG.java:1140)
at org.testng.TestNG.runSuites(TestNG.java:1069)
at org.testng.TestNG.run(TestNG.java:1037)
at org.testng.remote.AbstractRemoteTestNG.run(AbstractRemoteTestNG.java:115)
at org.testng.remote.RemoteTestNG.initAndRun(RemoteTestNG.java:251)
at org.testng.remote.RemoteTestNG.main(RemoteTestNG.java:77)
]]>
    </failure>
  </testcase> <!-- tc18CanDownloadFile -->
  <system-out/>
  <testcase classname="theInternet.tests.TheInternet" name="tc37CanCheckAllCheckboxes" time="0.251"/>
  <system-out/>
  <testcase classname="theInternet.tests.TheInternet" name="tc114ChallengingDOM" time="0.407"/>
  <system-out/>
  <testcase classname="theInternet.tests.TheInternet" name="tc75CanSetWYSIWYGEditorText" time="0.295"/>
  <system-out/>
  <testcase classname="theInternet.tests.TheInternet" name="tc12CanDeleteButtonDelete" time="0.355"/>
  <system-out/>
  <testcase classname="theInternet.tests.TheInternet" name="tc3CanGetFrameText" time="0.280"/>
  <system-out/>
  <testcase classname="theInternet.tests.TheInternet" name="tc67CatchesExitIntent" time="10.464"/>
  <system-out/>
  <testcase classname="theInternet.tests.TheInternet" name="tc17CanSendInputToJSPrompt" time="0.291"/>
  <system-out/>
  <testcase classname="theInternet.tests.TheInternet" name="tc5CanScrollFor30Seconds" time="30.211"/>
  <system-out/>
  <testcase classname="theInternet.tests.TheInternet" name="tc8CanRedirectWithLink" time="0.301"/>
  <system-out/>
  <testcase classname="theInternet.tests.TheInternet" name="tc9CanIncrementNumericValue" time="0.338"/>
  <system-out/>
  <testcase classname="theInternet.tests.TheInternet" name="tc43ShadowDOM" time="0.185"/>
  <system-out/>
  <testcase classname="theInternet.tests.TheInternet" name="tc22AllHoverablesDisplayValidCaptions" time="0.671"/>
  <system-out/>
  <testcase classname="theInternet.tests.TheInternet" name="tc76DoesPageLoadWithin35Seconds" time="30.357"/>
  <system-out/>
  <testcase classname="theInternet.tests.TheInternet" name="tc28SortableTable" time="0.434"/>
  <system-out/>
  <testcase classname="theInternet.tests.TheInternet" name="tc61CanDragDropSwitchHeaders" time="0.198"/>
  <system-out/>
  <testcase classname="theInternet.tests.TheInternet" name="tc50CanValidUserValidPassword" time="0.542"/>
  <system-out/>
  <testcase classname="theInternet.tests.TheInternet" name="tc38CanUncheckAllCheckboxes" time="0.247"/>
  <system-out/>
  <testcase classname="theInternet.tests.TheInternet" name="tc54CanSendValidBasicAuth" time="0.206"/>
  <system-out/>
  <testcase classname="theInternet.tests.TheInternet" name="tc42DynamicLoading" time="5.541"/>
  <system-out/>
  <testcase classname="theInternet.tests.TheInternet" name="tc52DoesGalleryInconsistentlyAppear" time="0.784"/>
  <system-out/>
</testsuite> <!-- theInternet.tests.TheInternet -->
