<?xml version="1.0" encoding="UTF-8"?>
<!-- Generated by org.testng.reporters.JUnitReportReporter -->
<testsuite hostname="LAPTOP-SK2JEN1C" failures="0" tests="1" name="quintrix_training.practice.AnotherQuickResourceTest" time="4.371" errors="0" timestamp="2020-11-08T00:59:36 EST" skipped="0">
  <testcase classname="quintrix_training.practice.AnotherQuickResourceTest" name="f" time="4.371"/>
  <system-out/>
</testsuite> <!-- quintrix_training.practice.AnotherQuickResourceTest -->
