<?xml version="1.0" encoding="UTF-8"?>
<!-- Generated by org.testng.reporters.JUnitReportReporter -->
<testsuite hostname="LAPTOP-SK2JEN1C" failures="0" tests="18" name="theInternet.tests.TheInternet" time="10.164" errors="0" timestamp="2020-11-12T19:47:19 EST" skipped="0">
  <testcase classname="theInternet.tests.TheInternet" name="tc51ValidateCSVMenuItemPath" time="0.635"/>
  <system-out/>
  <testcase classname="theInternet.tests.TheInternet" name="tc103CanDetectAlphabet" time="1.253"/>
  <system-out/>
  <testcase classname="theInternet.tests.TheInternet" name="tc37CanCheckAllCheckboxes" time="0.213"/>
  <system-out/>
  <testcase classname="theInternet.tests.TheInternet" name="tc4CanSelectDropdownListItem" time="0.240"/>
  <system-out/>
  <testcase classname="theInternet.tests.TheInternet" name="canNavigateToIndexPage" time="0.108"/>
  <system-out/>
  <testcase classname="theInternet.tests.TheInternet" name="tc22DoesContextMenuBoxWork" time="0.263"/>
  <system-out/>
  <testcase classname="theInternet.tests.TheInternet" name="tc28CanCheckBoxByLabel" time="0.215"/>
  <system-out/>
  <testcase classname="theInternet.tests.TheInternet" name="tc52DoesGalleryInconsistentlyAppear" time="2.119"/>
  <system-out/>
  <testcase classname="theInternet.tests.TheInternet" name="tc22AllHoverablesDisplayValidCaptions" time="0.611"/>
  <system-out/>
  <testcase classname="theInternet.tests.TheInternet" name="canLaunchChromeDriver" time="0.497"/>
  <system-out/>
  <testcase classname="theInternet.tests.TheInternet" name="tc17CanSendInputToJSPrompt" time="0.261"/>
  <system-out/>
  <testcase classname="theInternet.tests.TheInternet" name="tc64CanOpenNewValidWindowWithLink" time="2.227"/>
  <system-out/>
  <testcase classname="theInternet.tests.TheInternet" name="tc50CanValidUserValidPassword" time="0.456"/>
  <system-out/>
  <testcase classname="theInternet.tests.TheInternet" name="tc7CanTypeTextIntoInput" time="0.182"/>
  <system-out/>
  <testcase classname="theInternet.tests.TheInternet" name="tc9CanIncrementNumericValue" time="0.272"/>
  <system-out/>
  <testcase classname="theInternet.tests.TheInternet" name="tc38CanUncheckAllCheckboxes" time="0.176"/>
  <system-out/>
  <testcase classname="theInternet.tests.TheInternet" name="tc8CanRedirectWithLink" time="0.264"/>
  <system-out/>
  <testcase classname="theInternet.tests.TheInternet" name="tc54CanSendValidBasicAuth" time="0.172"/>
  <system-out/>
</testsuite> <!-- theInternet.tests.TheInternet -->
