<?xml version="1.0" encoding="UTF-8"?>
<!-- Generated by org.testng.reporters.JUnitReportReporter -->
<testsuite hostname="LAPTOP-SK2JEN1C" failures="0" tests="18" name="theInternet.tests.TheInternet" time="6.922" errors="0" timestamp="2020-11-12T19:09:59 EST" skipped="0">
  <testcase classname="theInternet.tests.TheInternet" name="tc7CanTypeTextIntoInput" time="0.179"/>
  <system-out/>
  <testcase classname="theInternet.tests.TheInternet" name="tc17CanSendInputToJSPrompt" time="0.259"/>
  <system-out/>
  <testcase classname="theInternet.tests.TheInternet" name="tc22DoesContextMenuBoxWork" time="0.224"/>
  <system-out/>
  <testcase classname="theInternet.tests.TheInternet" name="tc37CanCheckAllCheckboxes" time="0.184"/>
  <system-out/>
  <testcase classname="theInternet.tests.TheInternet" name="tc4CanSelectDropdownListItem" time="0.232"/>
  <system-out/>
  <testcase classname="theInternet.tests.TheInternet" name="canNavigateToIndexPage" time="0.106"/>
  <system-out/>
  <testcase classname="theInternet.tests.TheInternet" name="tc64CanOpenNewValidWindowWithLink" time="2.210"/>
  <system-out/>
  <testcase classname="theInternet.tests.TheInternet" name="tc52DoesGalleryInconsistentlyAppear" time="0.380"/>
  <system-out/>
  <testcase classname="theInternet.tests.TheInternet" name="tc9CanIncrementNumericValue" time="0.268"/>
  <system-out/>
  <testcase classname="theInternet.tests.TheInternet" name="tc8CanRedirectWithLink" time="0.332"/>
  <system-out/>
  <testcase classname="theInternet.tests.TheInternet" name="canLaunchChromeDriver" time="0.359"/>
  <system-out/>
  <testcase classname="theInternet.tests.TheInternet" name="tc38CanUncheckAllCheckboxes" time="0.183"/>
  <system-out/>
  <testcase classname="theInternet.tests.TheInternet" name="tc22AllHoverablesDisplayValidCaptions" time="0.555"/>
  <system-out/>
  <testcase classname="theInternet.tests.TheInternet" name="tc50CanValidUserValidPassword" time="0.434"/>
  <system-out/>
  <testcase classname="theInternet.tests.TheInternet" name="tc51ValidateCSVMenuItemPath" time="0.627"/>
  <system-out/>
  <testcase classname="theInternet.tests.TheInternet" name="tc28CanCheckBoxByLabel" time="0.232"/>
  <system-out/>
  <testcase classname="theInternet.tests.TheInternet" name="tc103CanDetectAlphabet" time="0.001"/>
  <system-out/>
  <testcase classname="theInternet.tests.TheInternet" name="tc54CanSendValidBasicAuth" time="0.157"/>
  <system-out/>
</testsuite> <!-- theInternet.tests.TheInternet -->
