<?xml version="1.0" encoding="UTF-8"?>
<!-- Generated by org.testng.reporters.JUnitReportReporter -->
<testsuite hostname="LAPTOP-SK2JEN1C" failures="0" tests="1" name="demoQA.tests.DemoQA" time="8.080" errors="0" timestamp="2020-11-26T20:31:46 EST" skipped="0">
  <testcase classname="demoQA.tests.DemoQA" name="getDataFromCSV" time="8.080"/>
  <system-out/>
</testsuite> <!-- demoQA.tests.DemoQA -->
