<?xml version="1.0" encoding="UTF-8"?>
<!-- Generated by org.testng.reporters.JUnitReportReporter -->
<testsuite hostname="LAPTOP-SK2JEN1C" failures="0" tests="1" name="sqlProject.tests.SQLProject" time="0.036" errors="0" timestamp="2020-11-21T16:02:59 EST" skipped="0">
  <testcase classname="sqlProject.tests.SQLProject" name="query10" time="0.036"/>
  <system-out/>
</testsuite> <!-- sqlProject.tests.SQLProject -->
