<?xml version="1.0" encoding="UTF-8"?>
<!-- Generated by org.testng.reporters.JUnitReportReporter -->
<testsuite hostname="LAPTOP-SK2JEN1C" failures="0" tests="1" name="theInternet.tests.TheInternet" time="30.565" errors="0" timestamp="2020-11-24T14:23:30 EST" skipped="0">
  <testcase classname="theInternet.tests.TheInternet" name="tc5CanScrollFor30Seconds" time="30.565"/>
  <system-out/>
</testsuite> <!-- theInternet.tests.TheInternet -->
