<?xml version="1.0" encoding="UTF-8"?>
<!-- Generated by org.testng.reporters.JUnitReportReporter -->
<testsuite hostname="LAPTOP-SK2JEN1C" failures="0" tests="1" name="theInternet.tests.TheInternet" time="2.201" errors="0" timestamp="2020-11-20T09:39:32 EST" skipped="0">
  <testcase classname="theInternet.tests.TheInternet" name="tc114ChallengingDOM" time="2.201"/>
  <system-out/>
</testsuite> <!-- theInternet.tests.TheInternet -->
